Arguments: 
  C:\Program Files\nodejs\node.exe C:\Users\MD YOUSUF SHEIKH\AppData\Roaming\npm\node_modules\yarn\bin\yarn.js add express nodmon cors mongoos

PATH: 
  C:\Program Files\Common Files\Oracle\Java\javapath;C:\Python310\Scripts\;C:\Python310\;C:\WINDOWS\system32;C:\WINDOWS;C:\WINDOWS\System32\Wbem;C:\WINDOWS\System32\WindowsPowerShell\v1.0\;C:\WINDOWS\System32\OpenSSH\;C:\Program Files\Git\cmd;C:\ProgramData\chocolatey\bin;C:\MinGW\bin;C:\momgos\mongosh-1.6.0-win32-x64\bin;C:\Program Files\nodejs\;C:\Program Files\Java\jdk-19\bin;C:\Users\MD YOUSUF SHEIKH\AppData\Local\Microsoft\WindowsApps;C:\Users\MD YOUSUF SHEIKH\AppData\Local\Programs\Microsoft VS Code\bin;C:\Users\MD YOUSUF SHEIKH\AppData\Local\Android\Sdk\platform-tools;C:\tools\gradle-7.5.1\bin;C:\MinGW\bin;C:\Users\MD YOUSUF SHEIKH\AppData\Roaming\npm;

Yarn version: 
  1.22.19

Node version: 
  16.18.0

Platform: 
  win32 x64

Trace: 
  Error: https://registry.yarnpkg.com/nodmon: Not found
      at Request.params.callback [as _callback] (C:\Users\MD YOUSUF SHEIKH\AppData\Roaming\npm\node_modules\yarn\lib\cli.js:66145:18)
      at Request.self.callback (C:\Users\MD YOUSUF SHEIKH\AppData\Roaming\npm\node_modules\yarn\lib\cli.js:140890:22)
      at Request.emit (node:events:513:28)
      at Request.<anonymous> (C:\Users\MD YOUSUF SHEIKH\AppData\Roaming\npm\node_modules\yarn\lib\cli.js:141862:10)
      at Request.emit (node:events:513:28)
      at IncomingMessage.<anonymous> (C:\Users\MD YOUSUF SHEIKH\AppData\Roaming\npm\node_modules\yarn\lib\cli.js:141784:12)
      at Object.onceWrapper (node:events:627:28)
      at IncomingMessage.emit (node:events:525:35)
      at endReadableNT (node:internal/streams/readable:1358:12)
      at processTicksAndRejections (node:internal/process/task_queues:83:21)

npm manifest: 
  {
    "name": "tourmongooseserver",
    "version": "1.0.0",
    "description": "",
    "main": "index.js",
    "scripts": {
      "test": "echo \"Error: no test specified\" && exit 1",
      "start": "node server.js",
      "dev": "nodemon server.js"
    },
    "keywords": [],
    "author": "",
    "license": "ISC"
  }

yarn manifest: 
  No manifest

Lockfile: 
  # THIS IS AN AUTOGENERATED FILE. DO NOT EDIT THIS FILE DIRECTLY.
  # yarn lockfile v1
